C:\DEV\CRYSTALLINK\MINIUPNPC-1.9.20140701\MSVC\DEBUG\UPNPC.OBJ
C:\DEV\CRYSTALLINK\MINIUPNPC-1.9.20140701\MSVC\DEBUG\VC110.PDB
C:\DEV\CRYSTALLINK\MINIUPNPC-1.9.20140701\MSVC\DEBUG\CONNECTHOSTPORT.OBJ
C:\DEV\CRYSTALLINK\MINIUPNPC-1.9.20140701\MSVC\DEBUG\IGD_DESC_PARSE.OBJ
C:\DEV\CRYSTALLINK\MINIUPNPC-1.9.20140701\MSVC\DEBUG\MINIUPNPC.OBJ
C:\DEV\CRYSTALLINK\MINIUPNPC-1.9.20140701\MSVC\DEBUG\MINIXML.OBJ
C:\DEV\CRYSTALLINK\MINIUPNPC-1.9.20140701\MSVC\DEBUG\PORTLISTINGPARSE.OBJ
C:\DEV\CRYSTALLINK\MINIUPNPC-1.9.20140701\MSVC\DEBUG\RECEIVEDATA.OBJ
C:\DEV\CRYSTALLINK\MINIUPNPC-1.9.20140701\MSVC\DEBUG\UPNPCOMMANDS.OBJ
C:\DEV\CRYSTALLINK\MINIUPNPC-1.9.20140701\MSVC\DEBUG\UPNPERRORS.OBJ
C:\DEV\CRYSTALLINK\MINIUPNPC-1.9.20140701\MSVC\DEBUG\UPNPREPLYPARSE.OBJ
C:\DEV\CRYSTALLINK\MINIUPNPC-1.9.20140701\MSVC\DEBUG\MINISOAP.OBJ
C:\DEV\CRYSTALLINK\MINIUPNPC-1.9.20140701\MSVC\DEBUG\MINIWGET.OBJ
C:\DEV\CRYSTALLINK\PROJ.WIN32\DEBUG\MINIUPNPC.LIB
D:\GitHubSaves\CrystalLink\miniupnpc-1.9.20140701\msvc\Debug\connecthostport.obj
D:\GitHubSaves\CrystalLink\miniupnpc-1.9.20140701\msvc\Debug\igd_desc_parse.obj
D:\GitHubSaves\CrystalLink\miniupnpc-1.9.20140701\msvc\Debug\minisoap.obj
D:\GitHubSaves\CrystalLink\miniupnpc-1.9.20140701\msvc\Debug\miniupnpc.obj
D:\GitHubSaves\CrystalLink\miniupnpc-1.9.20140701\msvc\Debug\miniwget.obj
D:\GitHubSaves\CrystalLink\miniupnpc-1.9.20140701\msvc\Debug\minixml.obj
D:\GitHubSaves\CrystalLink\miniupnpc-1.9.20140701\msvc\Debug\portlistingparse.obj
D:\GitHubSaves\CrystalLink\miniupnpc-1.9.20140701\msvc\Debug\receivedata.obj
D:\GitHubSaves\CrystalLink\miniupnpc-1.9.20140701\msvc\Debug\upnpc.obj
D:\GitHubSaves\CrystalLink\miniupnpc-1.9.20140701\msvc\Debug\upnpcommands.obj
D:\GitHubSaves\CrystalLink\miniupnpc-1.9.20140701\msvc\Debug\upnperrors.obj
D:\GitHubSaves\CrystalLink\miniupnpc-1.9.20140701\msvc\Debug\upnpreplyparse.obj
D:\GitHubSaves\CrystalLink\miniupnpc-1.9.20140701\msvc\Debug\cl.command.1.tlog
D:\GitHubSaves\CrystalLink\miniupnpc-1.9.20140701\msvc\Debug\CL.read.1.tlog
D:\GitHubSaves\CrystalLink\miniupnpc-1.9.20140701\msvc\Debug\CL.write.1.tlog
D:\GitHubSaves\CrystalLink\miniupnpc-1.9.20140701\msvc\Debug\Lib-link.read.1.tlog
D:\GitHubSaves\CrystalLink\miniupnpc-1.9.20140701\msvc\Debug\Lib-link.write.1.tlog
D:\GitHubSaves\CrystalLink\miniupnpc-1.9.20140701\msvc\Debug\lib.command.1.tlog
D:\GitHubSaves\CrystalLink\miniupnpc-1.9.20140701\msvc\Debug\link.command.1.tlog
D:\GitHubSaves\CrystalLink\miniupnpc-1.9.20140701\msvc\Debug\link.read.1.tlog
D:\GitHubSaves\CrystalLink\miniupnpc-1.9.20140701\msvc\Debug\link.write.1.tlog
D:\GitHubSaves\CrystalLink\miniupnpc-1.9.20140701\msvc\Debug\vc110.idb
D:\GitHubSaves\CrystalLink\miniupnpc-1.9.20140701\msvc\Debug\vc110.pdb
